2024-11-27 08:13:13 - my_app - [34mDEBUG[0m - [34mDebug message[0m
2024-11-27 08:13:13 - my_app - [32mINFO[0m - [32mInfo message[0m
2024-11-27 08:13:13 - my_app - [33mWARNING[0m - [33mWarning message[0m
2024-11-27 08:13:13 - my_app - [31mERROR[0m - [31mError message[0m
2024-11-27 08:13:13 - my_app - [31m[1mCRITICAL[0m - [31m[1mCritical message[0m
2024-11-27 08:17:04 - my_app - [34mDEBUG[0m - [34mDebug message[0m
2024-11-27 08:17:04 - my_app - [32mINFO[0m - [32mInfo message[0m
2024-11-27 08:17:04 - my_app - [33mWARNING[0m - [33mWarning message[0m
2024-11-27 08:17:04 - my_app - [31mERROR[0m - [31mError message[0m
2024-11-27 08:17:04 - my_app - [31m[1mCRITICAL[0m - [31m[1mCritical message[0m
2024-11-27 08:22:44 - my_app - [34mDEBUG[0m - [34mDebug message[0m
2024-11-27 08:22:44 - my_app - [32mINFO[0m - [32mInfo message[0m
2024-11-27 08:22:44 - my_app - [33mWARNING[0m - [33mWarning message[0m
2024-11-27 08:22:44 - my_app - [31mERROR[0m - [31mError message[0m
2024-11-27 08:22:44 - my_app - [31m[1mCRITICAL[0m - [31m[1mCritical message[0m
2024-11-27 08:24:16 - my_app - [34mDEBUG[0m - [34mDebug message[0m
2024-11-27 08:24:16 - my_app - [32mINFO[0m - [32mInfo message[0m
2024-11-27 08:24:16 - my_app - [33mWARNING[0m - [33mWarning message[0m
2024-11-27 08:24:16 - my_app - [31mERROR[0m - [31mError message[0m
2024-11-27 08:24:16 - my_app - [31m[1mCRITICAL[0m - [31m[1mCritical message[0m
2024-11-27 08:24:19 - my_app - [34mDEBUG[0m - [34mDebug message[0m
2024-11-27 08:24:19 - my_app - [32mINFO[0m - [32mInfo message[0m
2024-11-27 08:24:19 - my_app - [33mWARNING[0m - [33mWarning message[0m
2024-11-27 08:24:19 - my_app - [31mERROR[0m - [31mError message[0m
2024-11-27 08:24:19 - my_app - [31m[1mCRITICAL[0m - [31m[1mCritical message[0m
2024-11-27 08:25:06 - my_app - [34mDEBUG[0m - [34mDebug message[0m
2024-11-27 08:25:06 - my_app - [32mINFO[0m - [32mInfo message[0m
2024-11-27 08:25:06 - my_app - [33mWARNING[0m - [33mWarning message[0m
2024-11-27 08:25:06 - my_app - [31mERROR[0m - [31mError message[0m
2024-11-27 08:25:06 - my_app - [31m[1mCRITICAL[0m - [31m[1mCritical message[0m
