2024-11-26 20:39:11 - my_app - [34mDEBUG[0m - [34mDebug message[0m
2024-11-26 20:39:11 - my_app - [32mINFO[0m - [32mInfo message[0m
2024-11-26 20:39:11 - my_app - [33mWARNING[0m - [33mWarning message[0m
2024-11-26 20:39:11 - my_app - [31mERROR[0m - [31mError message[0m
2024-11-26 20:39:11 - my_app - [31m[1mCRITICAL[0m - [31m[1mCritical message[0m
2024-11-26 21:25:16 - my_app - [34mDEBUG[0m - [34mDebug message[0m
2024-11-26 21:25:16 - my_app - [32mINFO[0m - [32mInfo message[0m
2024-11-26 21:25:16 - my_app - [33mWARNING[0m - [33mWarning message[0m
2024-11-26 21:25:16 - my_app - [31mERROR[0m - [31mError message[0m
2024-11-26 21:25:16 - my_app - [31m[1mCRITICAL[0m - [31m[1mCritical message[0m
2024-12-16 19:53:15 - my_app - [34mDEBUG[0m - [34mDebug message[0m
2024-12-16 19:53:15 - my_app - [32mINFO[0m - [32mInfo message[0m
2024-12-16 19:53:15 - my_app - [33mWARNING[0m - [33mWarning message[0m
2024-12-16 19:53:15 - my_app - [31mERROR[0m - [31mError message[0m
2024-12-16 19:53:15 - my_app - [31m[1mCRITICAL[0m - [31m[1mCritical message[0m
2024-12-16 19:53:18 - my_app - [34mDEBUG[0m - [34mDebug message[0m
2024-12-16 19:53:18 - my_app - [32mINFO[0m - [32mInfo message[0m
2024-12-16 19:53:18 - my_app - [33mWARNING[0m - [33mWarning message[0m
2024-12-16 19:53:18 - my_app - [31mERROR[0m - [31mError message[0m
2024-12-16 19:53:18 - my_app - [31m[1mCRITICAL[0m - [31m[1mCritical message[0m
2024-12-16 19:56:41 - my_app - [34mDEBUG[0m - [34mDebug message[0m
2024-12-16 19:56:41 - my_app - [32mINFO[0m - [32mInfo message[0m
2024-12-16 19:56:41 - my_app - [33mWARNING[0m - [33mWarning message[0m
2024-12-16 19:56:41 - my_app - [31mERROR[0m - [31mError message[0m
2024-12-16 19:56:41 - my_app - [31m[1mCRITICAL[0m - [31m[1mCritical message[0m
2024-12-16 19:57:34 - my_app - [34mDEBUG[0m - [34mDebug message[0m
2024-12-16 19:57:34 - my_app - [32mINFO[0m - [32mInfo message[0m
2024-12-16 19:57:34 - my_app - [33mWARNING[0m - [33mWarning message[0m
2024-12-16 19:57:34 - my_app - [31mERROR[0m - [31mError message[0m
2024-12-16 19:57:34 - my_app - [31m[1mCRITICAL[0m - [31m[1mCritical message[0m
2024-12-16 19:57:56 - my_app - [34mDEBUG[0m - [34mDebug message[0m
2024-12-16 19:57:56 - my_app - [32mINFO[0m - [32mInfo message[0m
2024-12-16 19:57:56 - my_app - [33mWARNING[0m - [33mWarning message[0m
2024-12-16 19:57:56 - my_app - [31mERROR[0m - [31mError message[0m
2024-12-16 19:57:56 - my_app - [31m[1mCRITICAL[0m - [31m[1mCritical message[0m
2024-12-16 19:58:37 - my_app - [34mDEBUG[0m - [34mDebug message[0m
2024-12-16 19:58:37 - my_app - [32mINFO[0m - [32mInfo message[0m
2024-12-16 19:58:37 - my_app - [33mWARNING[0m - [33mWarning message[0m
2024-12-16 19:58:37 - my_app - [31mERROR[0m - [31mError message[0m
2024-12-16 19:58:37 - my_app - [31m[1mCRITICAL[0m - [31m[1mCritical message[0m
2024-12-16 19:58:40 - my_app - [34mDEBUG[0m - [34mDebug message[0m
2024-12-16 19:58:40 - my_app - [32mINFO[0m - [32mInfo message[0m
2024-12-16 19:58:40 - my_app - [33mWARNING[0m - [33mWarning message[0m
2024-12-16 19:58:40 - my_app - [31mERROR[0m - [31mError message[0m
2024-12-16 19:58:40 - my_app - [31m[1mCRITICAL[0m - [31m[1mCritical message[0m
